#
# There is insufficient memory for the Java Runtime Environment to continue.
# Native memory allocation (mmap) failed to map 268435456 bytes for Failed to commit area from 0x0000000701400000 to 0x0000000711400000 of length 268435456.
# Possible reasons:
#   The system is out of physical RAM or swap space
#   The process is running with CompressedOops enabled, and the Java Heap may be blocking the growth of the native heap
# Possible solutions:
#   Reduce memory load on the system
#   Increase physical memory or swap space
#   Check if swap backing store is full
#   Decrease Java heap size (-Xmx/-Xms)
#   Decrease number of Java threads
#   Decrease Java thread stack sizes (-Xss)
#   Set larger code cache with -XX:ReservedCodeCacheSize=
# This output file may be truncated or incomplete.
#
#  Out of Memory Error (./src/hotspot/os/windows/os_windows.cpp:3303), pid=15708, tid=19804
#
# JRE version:  (11.0.9.1+1) (build )
# Java VM: OpenJDK 64-Bit Server VM (11.0.9.1+1, mixed mode, sharing, tiered, compressed oops, g1 gc, windows-amd64)
# No core dump will be written. Minidumps are not enabled by default on client versions of Windows
#

---------------  S U M M A R Y ------------

Command Line: --module-path=C:\Users\alexx\Desktop\PeliculasP1\target\classes;C:\Users\alexx\.m2\repository\org\openjfx\javafx-base\13\javafx-base-13-win.jar;C:\Users\alexx\.m2\repository\org\openjfx\javafx-controls\13\javafx-controls-13-win.jar;C:\Users\alexx\.m2\repository\org\openjfx\javafx-fxml\13\javafx-fxml-13-win.jar;C:\Users\alexx\.m2\repository\org\openjfx\javafx-graphics\13\javafx-graphics-13-win.jar --add-modules=com.mycompany.peliculasp1 -Djdk.module.main=com.mycompany.peliculasp1 com.mycompany.peliculasp1/com.mycompany.peliculasp1.App

Host: Intel(R) Core(TM) i5-8250U CPU @ 1.60GHz, 8 cores, 15G,  Windows 10 , 64 bit Build 19041 (10.0.19041.662)
Time: Sat Jan  9 13:38:21 2021 Hora est. Pacífico, Sudamérica elapsed time: 0.138990 seconds (0d 0h 0m 0s)

---------------  T H R E A D  ---------------

Current thread (0x000001239905c800):  JavaThread "Unknown thread" [_thread_in_vm, id=19804, stack(0x000000171e300000,0x000000171e400000)]

Stack: [0x000000171e300000,0x000000171e400000]
Native frames: (J=compiled Java code, j=interpreted, Vv=VM code, C=native code)
V  [jvm.dll+0x5f465a]
V  [jvm.dll+0x77c78e]
V  [jvm.dll+0x77de5f]
V  [jvm.dll+0x77e523]
V  [jvm.dll+0x2477c8]
V  [jvm.dll+0x5f18ba]
V  [jvm.dll+0x5e6505]
V  [jvm.dll+0x2fca8c]
V  [jvm.dll+0x2fc912]
V  [jvm.dll+0x3015c6]
V  [jvm.dll+0x345e3f]
V  [jvm.dll+0x345870]
V  [jvm.dll+0x2d9ce8]
V  [jvm.dll+0x2dae36]
V  [jvm.dll+0x758137]
V  [jvm.dll+0x7598bf]
V  [jvm.dll+0x352c39]
V  [jvm.dll+0x73b3c0]
V  [jvm.dll+0x3ba30f]
V  [jvm.dll+0x3bc7b1]
C  [jli.dll+0x520b]
C  [ucrtbase.dll+0x214c2]
C  [KERNEL32.DLL+0x17034]
C  [ntdll.dll+0x4d0d1]


---------------  P R O C E S S  ---------------

Threads class SMR info:
_java_thread_list=0x00000123976749f0, length=0, elements={
}

Java Threads: ( => current thread )

Other Threads:
  0x0000012399074000 GCTaskThread "GC Thread#0" [stack: 0x000000171e400000,0x000000171e500000] [id=15296]
  0x00000123990d5800 ConcurrentGCThread "G1 Main Marker" [stack: 0x000000171e500000,0x000000171e600000] [id=22020]
  0x00000123990d7800 ConcurrentGCThread "G1 Conc#0" [stack: 0x000000171e600000,0x000000171e700000] [id=3568]

[error occurred during error reporting (printing all threads), id 0xc0000005, EXCEPTION_ACCESS_VIOLATION (0xc0000005) at pc=0x00007ffa14139367]

VM state:not at safepoint (not fully initialized)

VM Mutex/Monitor currently owned by a thread:  ([mutex/lock_event])
[0x0000012399057fb0] Heap_lock - owner thread: 0x000001239905c800

Heap address: 0x0000000701400000, size: 4076 MB, Compressed Oops mode: Non-zero based: 0x0000000701400000
Narrow klass base: 0x0000000000000000, Narrow klass shift: 0

GC Heap History (0 events):
No events

Deoptimization events (0 events):
No events

Classes redefined (0 events):
No events

Internal exceptions (0 events):
No events

Events (1 events):
Event: 0.041 Loaded shared library C:\Program Files\AdoptOpenJDK\jdk-11.0.9.101-hotspot\bin\zip.dll


Dynamic libraries:
0x00007ff64c940000 - 0x00007ff64c94d000 	C:\Program Files\AdoptOpenJDK\jdk-11.0.9.101-hotspot\bin\java.exe
0x00007ffa43150000 - 0x00007ffa43346000 	C:\WINDOWS\SYSTEM32\ntdll.dll
0x00007ffa42cc0000 - 0x00007ffa42d7d000 	C:\WINDOWS\System32\KERNEL32.DLL
0x00007ffa40890000 - 0x00007ffa40b59000 	C:\WINDOWS\System32\KERNELBASE.dll
0x00007ffa40b60000 - 0x00007ffa40c60000 	C:\WINDOWS\System32\ucrtbase.dll
0x00007ffa3a1b0000 - 0x00007ffa3a1c5000 	C:\Program Files\AdoptOpenJDK\jdk-11.0.9.101-hotspot\bin\VCRUNTIME140.dll
0x00007ffa275c0000 - 0x00007ffa275d7000 	C:\Program Files\AdoptOpenJDK\jdk-11.0.9.101-hotspot\bin\jli.dll
0x00007ffa42590000 - 0x00007ffa42730000 	C:\WINDOWS\System32\USER32.dll
0x00007ffa40ff0000 - 0x00007ffa41012000 	C:\WINDOWS\System32\win32u.dll
0x00007ffa30da0000 - 0x00007ffa3103b000 	C:\WINDOWS\WinSxS\amd64_microsoft.windows.common-controls_6595b64144ccf1df_6.0.19041.488_none_ca04af081b815d21\COMCTL32.dll
0x00007ffa41490000 - 0x00007ffa414ba000 	C:\WINDOWS\System32\GDI32.dll
0x00007ffa410a0000 - 0x00007ffa411a9000 	C:\WINDOWS\System32\gdi32full.dll
0x00007ffa40ed0000 - 0x00007ffa40f6d000 	C:\WINDOWS\System32\msvcp_win.dll
0x00007ffa43070000 - 0x00007ffa4310e000 	C:\WINDOWS\System32\msvcrt.dll
0x00007ffa414c0000 - 0x00007ffa414f0000 	C:\WINDOWS\System32\IMM32.DLL
0x00007ffa26fc0000 - 0x00007ffa2705b000 	C:\Program Files\AdoptOpenJDK\jdk-11.0.9.101-hotspot\bin\msvcp140.dll
0x00007ffa13e50000 - 0x00007ffa14993000 	C:\Program Files\AdoptOpenJDK\jdk-11.0.9.101-hotspot\bin\server\jvm.dll
0x00007ffa42430000 - 0x00007ffa424dc000 	C:\WINDOWS\System32\ADVAPI32.dll
0x00007ffa41510000 - 0x00007ffa415ac000 	C:\WINDOWS\System32\sechost.dll
0x00007ffa42d80000 - 0x00007ffa42eab000 	C:\WINDOWS\System32\RPCRT4.dll
0x00007ffa41210000 - 0x00007ffa41218000 	C:\WINDOWS\System32\PSAPI.DLL
0x00007ffa313e0000 - 0x00007ffa313e9000 	C:\WINDOWS\SYSTEM32\WSOCK32.dll
0x00007ffa43000000 - 0x00007ffa4306b000 	C:\WINDOWS\System32\WS2_32.dll
0x00007ffa31c90000 - 0x00007ffa31cb7000 	C:\WINDOWS\SYSTEM32\WINMM.dll
0x00007ffa38940000 - 0x00007ffa3894a000 	C:\WINDOWS\SYSTEM32\VERSION.dll
0x00007ffa3f4e0000 - 0x00007ffa3f4f2000 	C:\WINDOWS\SYSTEM32\kernel.appcore.dll
0x00007ffa3c580000 - 0x00007ffa3c590000 	C:\Program Files\AdoptOpenJDK\jdk-11.0.9.101-hotspot\bin\verify.dll
0x00007ffa3f2c0000 - 0x00007ffa3f4a4000 	C:\WINDOWS\SYSTEM32\DBGHELP.DLL
0x00007ffa31180000 - 0x00007ffa311ac000 	C:\WINDOWS\SYSTEM32\dbgcore.DLL
0x00007ffa41020000 - 0x00007ffa410a0000 	C:\WINDOWS\System32\bcryptPrimitives.dll
0x00007ffa31df0000 - 0x00007ffa31e18000 	C:\Program Files\AdoptOpenJDK\jdk-11.0.9.101-hotspot\bin\java.dll
0x00007ffa3b100000 - 0x00007ffa3b10a000 	C:\Program Files\AdoptOpenJDK\jdk-11.0.9.101-hotspot\bin\jimage.dll
0x00007ffa2f980000 - 0x00007ffa2f997000 	C:\Program Files\AdoptOpenJDK\jdk-11.0.9.101-hotspot\bin\zip.dll

dbghelp: loaded successfully - version: 4.0.5 - missing functions: none
symbol engine: initialized successfully - sym options: 0x614 - pdb path: .;C:\Program Files\AdoptOpenJDK\jdk-11.0.9.101-hotspot\bin;C:\WINDOWS\SYSTEM32;C:\WINDOWS\WinSxS\amd64_microsoft.windows.common-controls_6595b64144ccf1df_6.0.19041.488_none_ca04af081b815d21;C:\Program Files\AdoptOpenJDK\jdk-11.0.9.101-hotspot\bin\server

VM Arguments:
jvm_args: --module-path=C:\Users\alexx\Desktop\PeliculasP1\target\classes;C:\Users\alexx\.m2\repository\org\openjfx\javafx-base\13\javafx-base-13-win.jar;C:\Users\alexx\.m2\repository\org\openjfx\javafx-controls\13\javafx-controls-13-win.jar;C:\Users\alexx\.m2\repository\org\openjfx\javafx-fxml\13\javafx-fxml-13-win.jar;C:\Users\alexx\.m2\repository\org\openjfx\javafx-graphics\13\javafx-graphics-13-win.jar --add-modules=com.mycompany.peliculasp1 -Djdk.module.main=com.mycompany.peliculasp1 
java_command: com.mycompany.peliculasp1/com.mycompany.peliculasp1.App
java_class_path (initial): C:\Users\alexx\Desktop\PeliculasP1\target\classes;C:\Users\alexx\.m2\repository\org\openjfx\javafx-base\13\javafx-base-13.jar;C:\Users\alexx\.m2\repository\org\openjfx\javafx-controls\13\javafx-controls-13.jar;C:\Users\alexx\.m2\repository\org\openjfx\javafx-fxml\13\javafx-fxml-13.jar;C:\Users\alexx\.m2\repository\org\openjfx\javafx-graphics\13\javafx-graphics-13.jar
Launcher Type: SUN_STANDARD

[Global flags]
     intx CICompilerCount                          = 4                                         {product} {ergonomic}
     uint ConcGCThreads                            = 2                                         {product} {ergonomic}
     uint G1ConcRefinementThreads                  = 8                                         {product} {ergonomic}
   size_t G1HeapRegionSize                         = 1048576                                   {product} {ergonomic}
    uintx GCDrainStackTargetSize                   = 64                                        {product} {ergonomic}
   size_t InitialHeapSize                          = 268435456                                 {product} {ergonomic}
   size_t MarkStackSize                            = 4194304                                   {product} {ergonomic}
   size_t MaxHeapSize                              = 4273995776                                {product} {ergonomic}
   size_t MinHeapDeltaBytes                        = 1048576                                   {product} {ergonomic}
    uintx NonNMethodCodeHeapSize                   = 5836300                                {pd product} {ergonomic}
    uintx NonProfiledCodeHeapSize                  = 122910970                              {pd product} {ergonomic}
    uintx ProfiledCodeHeapSize                     = 122910970                              {pd product} {ergonomic}
    uintx ReservedCodeCacheSize                    = 251658240                              {pd product} {ergonomic}
     bool SegmentedCodeCache                       = true                                      {product} {ergonomic}
     bool UseCompressedClassPointers               = true                                 {lp64_product} {ergonomic}
     bool UseCompressedOops                        = true                                 {lp64_product} {ergonomic}
     bool UseG1GC                                  = true                                      {product} {ergonomic}
     bool UseLargePagesIndividualAllocation        = false                                  {pd product} {ergonomic}

Logging:
Log output configuration:
 #0: stdout all=warning uptime,level,tags
 #1: stderr all=off uptime,level,tags

Environment Variables:
JAVA_HOME=C:\Program Files\AdoptOpenJDK\jdk-11.0.9.101-hotspot
PATH=C:\Program Files\AdoptOpenJDK\jdk-11.0.9.101-hotspot\bin;C:\ProgramData\Oracle\Java\javapath;C:\Program Files (x86)\Common Files\Oracle\Java\javapath;C:\Program Files (x86)\Intel\iCLS Client\;C:\Program Files\Intel\iCLS Client\;C:\WINDOWS\system32;C:\WINDOWS;C:\WINDOWS\System32\Wbem;C:\WINDOWS\System32\WindowsPowerShell\v1.0\;C:\WINDOWS\System32\OpenSSH\;C:\Program Files (x86)\AOMEI Backupper;%JAVA_HOME%\bin;C:\Program Files\Git\cmd;C:\Program Files\MySQL\MySQL Shell 8.0\bin\;C:\Users\alexx\AppData\Local\Programs\Python\Python38-32\Scripts\;C:\Users\alexx\AppData\Local\Programs\Python\Python38-32\;C:\Users\alexx\AppData\Local\Microsoft\WindowsApps;;C:\Program Files\JetBrains\PyCharm Community Edition 2020.2.1\bin;
USERNAME=alexx
OS=Windows_NT
PROCESSOR_IDENTIFIER=Intel64 Family 6 Model 142 Stepping 10, GenuineIntel



---------------  S Y S T E M  ---------------

OS: Windows 10 , 64 bit Build 19041 (10.0.19041.662)
OS uptime: 0 days 4:42 hours

CPU:total 8 (initial active 8) (4 cores per cpu, 2 threads per core) family 6 model 142 stepping 10, cmov, cx8, fxsr, mmx, sse, sse2, sse3, ssse3, sse4.1, sse4.2, popcnt, avx, avx2, aes, clmul, erms, 3dnowpref, lzcnt, ht, tsc, tscinvbit, bmi1, bmi2, adx, fma

Memory: 4k page, system-wide physical 16300M (2599M free)
TotalPageFile size 16300M (AvailPageFile size 165M)
current process WorkingSet (physical memory assigned to process): 10M, peak: 10M
current process commit charge ("private bytes"): 61M, peak: 316M

vm_info: OpenJDK 64-Bit Server VM (11.0.9.1+1) for windows-amd64 JRE (11.0.9.1+1), built on Nov 10 2020 15:18:49 by "" with MS VC++ 15.9 (VS2017)

END.
